<?xml version="1.0" encoding="UTF-8"?>
<testng-results ignored="1" total="2" passed="1" failed="0" skipped="0">
  <reporter-output>
  </reporter-output>
  <suite started-at="2021-05-09T16:17:39 IST" name="Default suite" finished-at="2021-05-09T16:17:41 IST" duration-ms="1552">
    <groups>
    </groups>
    <test started-at="2021-05-09T16:17:39 IST" name="Default test" finished-at="2021-05-09T16:17:41 IST" duration-ms="1552">
      <class name="LocalDataTesting.Test1">
        <test-method signature="test3()[pri:0, instance:LocalDataTesting.Test1@236e3f4e]" started-at="2021-05-09T16:17:39 IST" name="test3" finished-at="2021-05-09T16:17:41 IST" duration-ms="1518" status="PASS">
          <reporter-output>
          </reporter-output>
        </test-method> <!-- test3 -->
      </class> <!-- LocalDataTesting.Test1 -->
    </test> <!-- Default test -->
  </suite> <!-- Default suite -->
</testng-results>
